<?xml version="1.0" encoding="UTF-8"?>
<testsuite name="com.example.servingwebcontent.ServingWebContentApplicationTest" tests="3" skipped="0" failures="0" errors="0" timestamp="2025-06-19T04:44:47" hostname="codespaces-9bd3bb" time="1.517">
  <properties/>
  <testcase name="homePage()" classname="com.example.servingwebcontent.ServingWebContentApplicationTest" time="1.044"/>
  <testcase name="greetingWithUser()" classname="com.example.servingwebcontent.ServingWebContentApplicationTest" time="0.449"/>
  <testcase name="greeting()" classname="com.example.servingwebcontent.ServingWebContentApplicationTest" time="0.019"/>
  <system-out><![CDATA[04:44:45.760 [Test worker] INFO org.springframework.test.context.support.AnnotationConfigContextLoaderUtils -- Could not detect default configuration classes for test class [com.example.servingwebcontent.ServingWebContentApplicationTest]: ServingWebContentApplicationTest does not declare any static, non-private, non-final, nested classes annotated with @Configuration.
04:44:45.974 [Test worker] INFO org.springframework.boot.test.context.SpringBootTestContextBootstrapper -- Found @SpringBootConfiguration com.example.servingwebcontent.ServingWebContentApplication for test class com.example.servingwebcontent.ServingWebContentApplicationTest
  .   ____          _            __ _ _
 /\\ / ___'_ __ _ _(_)_ __  __ _ \ \ \ \
( ( )\___ | '_ | '_| | '_ \/ _` | \ \ \ \
 \\/  ___)| |_)| | | | | || (_| |  ) ) ) )
  '  |____| .__|_| |_|_| |_\__, | / / / /
 =========|_|==============|___/=/_/_/_/

 :: Spring Boot ::                (v3.3.0)

2025-06-19T04:44:46.483Z  INFO 32457 --- [    Test worker] c.e.s.ServingWebContentApplicationTest   : Starting ServingWebContentApplicationTest using Java 21.0.7 with PID 32457 (started by codespace in /workspaces/Group6_OOP_term3_2025/gs-serving-web-content-main/complete)
2025-06-19T04:44:46.487Z  INFO 32457 --- [    Test worker] c.e.s.ServingWebContentApplicationTest   : No active profile set, falling back to 1 default profile: "default"
2025-06-19T04:44:47.388Z  INFO 32457 --- [    Test worker] o.s.b.a.w.s.WelcomePageHandlerMapping    : Adding welcome page: class path resource [static/index.html]
2025-06-19T04:44:47.719Z  INFO 32457 --- [    Test worker] o.s.b.t.m.w.SpringBootMockServletContext : Initializing Spring TestDispatcherServlet ''
2025-06-19T04:44:47.720Z  INFO 32457 --- [    Test worker] o.s.t.web.servlet.TestDispatcherServlet  : Initializing Servlet ''
2025-06-19T04:44:47.724Z  INFO 32457 --- [    Test worker] o.s.t.web.servlet.TestDispatcherServlet  : Completed initialization in 1 ms
2025-06-19T04:44:47.755Z  INFO 32457 --- [    Test worker] c.e.s.ServingWebContentApplicationTest   : Started ServingWebContentApplicationTest in 1.699 seconds (process running for 3.109)
]]></system-out>
  <system-err><![CDATA[WARNING: A Java agent has been loaded dynamically (/home/codespace/.gradle/caches/modules-2/files-2.1/net.bytebuddy/byte-buddy-agent/1.14.16/4a451ee6484abac3a498df0f3b33ed00a6fced4d/byte-buddy-agent-1.14.16.jar)
WARNING: If a serviceability tool is in use, please run with -XX:+EnableDynamicAgentLoading to hide this warning
WARNING: If a serviceability tool is not in use, please run with -Djdk.instrument.traceUsage for more information
WARNING: Dynamic loading of agents will be disallowed by default in a future release
]]></system-err>
</testsuite>
